PHPUnit 9.6.6 by Sebastian Bergmann and contributors.

Ehttps://connect.getseam.com
Deprecated: Creation of dynamic property Seam\SeamClient::$api_key is deprecated in /Users/aniketchowdhury/Work/seam/php/src/SeamClient.php on line 31

Deprecated: Creation of dynamic property Seam\SeamClient::$client is deprecated in /Users/aniketchowdhury/Work/seam/php/src/SeamClient.php on line 32

Deprecated: Creation of dynamic property Seam\SeamClient::$action_attempts is deprecated in /Users/aniketchowdhury/Work/seam/php/src/SeamClient.php on line 42

Deprecated: Creation of dynamic property Seam\WorkspacesClient::$seam is deprecated in /Users/aniketchowdhury/Work/seam/php/src/SeamClient.php on line 177

Deprecated: Creation of dynamic property Seam\SeamClient::$access_codes is deprecated in /Users/aniketchowdhury/Work/seam/php/src/SeamClient.php on line 44

Deprecated: Creation of dynamic property Seam\SeamClient::$events is deprecated in /Users/aniketchowdhury/Work/seam/php/src/SeamClient.php on line 45

Deprecated: Creation of dynamic property Seam\SeamClient::$connect_webviews is deprecated in /Users/aniketchowdhury/Work/seam/php/src/SeamClient.php on line 46

Deprecated: Creation of dynamic property Seam\SeamClient::$connected_accounts is deprecated in /Users/aniketchowdhury/Work/seam/php/src/SeamClient.php on line 47

Deprecated: Creation of dynamic property Seam\SeamClient::$locks is deprecated in /Users/aniketchowdhury/Work/seam/php/src/SeamClient.php on line 48
Ehttps://connect.getseam.com
Deprecated: Creation of dynamic property Seam\SeamClient::$api_key is deprecated in /Users/aniketchowdhury/Work/seam/php/src/SeamClient.php on line 31

Deprecated: Creation of dynamic property Seam\SeamClient::$client is deprecated in /Users/aniketchowdhury/Work/seam/php/src/SeamClient.php on line 32

Deprecated: Creation of dynamic property Seam\SeamClient::$action_attempts is deprecated in /Users/aniketchowdhury/Work/seam/php/src/SeamClient.php on line 42

Deprecated: Creation of dynamic property Seam\WorkspacesClient::$seam is deprecated in /Users/aniketchowdhury/Work/seam/php/src/SeamClient.php on line 177

Deprecated: Creation of dynamic property Seam\SeamClient::$access_codes is deprecated in /Users/aniketchowdhury/Work/seam/php/src/SeamClient.php on line 44

Deprecated: Creation of dynamic property Seam\SeamClient::$events is deprecated in /Users/aniketchowdhury/Work/seam/php/src/SeamClient.php on line 45

Deprecated: Creation of dynamic property Seam\SeamClient::$connect_webviews is deprecated in /Users/aniketchowdhury/Work/seam/php/src/SeamClient.php on line 46

Deprecated: Creation of dynamic property Seam\SeamClient::$connected_accounts is deprecated in /Users/aniketchowdhury/Work/seam/php/src/SeamClient.php on line 47

Deprecated: Creation of dynamic property Seam\SeamClient::$locks is deprecated in /Users/aniketchowdhury/Work/seam/php/src/SeamClient.php on line 48
Ehttps://connect.getseam.com
Deprecated: Creation of dynamic property Seam\SeamClient::$api_key is deprecated in /Users/aniketchowdhury/Work/seam/php/src/SeamClient.php on line 31

Deprecated: Creation of dynamic property Seam\SeamClient::$client is deprecated in /Users/aniketchowdhury/Work/seam/php/src/SeamClient.php on line 32

Deprecated: Creation of dynamic property Seam\SeamClient::$action_attempts is deprecated in /Users/aniketchowdhury/Work/seam/php/src/SeamClient.php on line 42

Deprecated: Creation of dynamic property Seam\WorkspacesClient::$seam is deprecated in /Users/aniketchowdhury/Work/seam/php/src/SeamClient.php on line 177

Deprecated: Creation of dynamic property Seam\SeamClient::$access_codes is deprecated in /Users/aniketchowdhury/Work/seam/php/src/SeamClient.php on line 44

Deprecated: Creation of dynamic property Seam\SeamClient::$events is deprecated in /Users/aniketchowdhury/Work/seam/php/src/SeamClient.php on line 45

Deprecated: Creation of dynamic property Seam\SeamClient::$connect_webviews is deprecated in /Users/aniketchowdhury/Work/seam/php/src/SeamClient.php on line 46

Deprecated: Creation of dynamic property Seam\SeamClient::$connected_accounts is deprecated in /Users/aniketchowdhury/Work/seam/php/src/SeamClient.php on line 47

Deprecated: Creation of dynamic property Seam\SeamClient::$locks is deprecated in /Users/aniketchowdhury/Work/seam/php/src/SeamClient.php on line 48
Ehttps://connect.getseam.com
Deprecated: Creation of dynamic property Seam\SeamClient::$api_key is deprecated in /Users/aniketchowdhury/Work/seam/php/src/SeamClient.php on line 31

Deprecated: Creation of dynamic property Seam\SeamClient::$client is deprecated in /Users/aniketchowdhury/Work/seam/php/src/SeamClient.php on line 32

Deprecated: Creation of dynamic property Seam\SeamClient::$action_attempts is deprecated in /Users/aniketchowdhury/Work/seam/php/src/SeamClient.php on line 42

Deprecated: Creation of dynamic property Seam\WorkspacesClient::$seam is deprecated in /Users/aniketchowdhury/Work/seam/php/src/SeamClient.php on line 177

Deprecated: Creation of dynamic property Seam\SeamClient::$access_codes is deprecated in /Users/aniketchowdhury/Work/seam/php/src/SeamClient.php on line 44

Deprecated: Creation of dynamic property Seam\SeamClient::$events is deprecated in /Users/aniketchowdhury/Work/seam/php/src/SeamClient.php on line 45

Deprecated: Creation of dynamic property Seam\SeamClient::$connect_webviews is deprecated in /Users/aniketchowdhury/Work/seam/php/src/SeamClient.php on line 46

Deprecated: Creation of dynamic property Seam\SeamClient::$connected_accounts is deprecated in /Users/aniketchowdhury/Work/seam/php/src/SeamClient.php on line 47

Deprecated: Creation of dynamic property Seam\SeamClient::$locks is deprecated in /Users/aniketchowdhury/Work/seam/php/src/SeamClient.php on line 48
Ehttps://connect.getseam.com
Deprecated: Creation of dynamic property Seam\SeamClient::$api_key is deprecated in /Users/aniketchowdhury/Work/seam/php/src/SeamClient.php on line 31

Deprecated: Creation of dynamic property Seam\SeamClient::$client is deprecated in /Users/aniketchowdhury/Work/seam/php/src/SeamClient.php on line 32

Deprecated: Creation of dynamic property Seam\SeamClient::$action_attempts is deprecated in /Users/aniketchowdhury/Work/seam/php/src/SeamClient.php on line 42

Deprecated: Creation of dynamic property Seam\WorkspacesClient::$seam is deprecated in /Users/aniketchowdhury/Work/seam/php/src/SeamClient.php on line 177

Deprecated: Creation of dynamic property Seam\SeamClient::$access_codes is deprecated in /Users/aniketchowdhury/Work/seam/php/src/SeamClient.php on line 44

Deprecated: Creation of dynamic property Seam\SeamClient::$events is deprecated in /Users/aniketchowdhury/Work/seam/php/src/SeamClient.php on line 45

Deprecated: Creation of dynamic property Seam\SeamClient::$connect_webviews is deprecated in /Users/aniketchowdhury/Work/seam/php/src/SeamClient.php on line 46

Deprecated: Creation of dynamic property Seam\SeamClient::$connected_accounts is deprecated in /Users/aniketchowdhury/Work/seam/php/src/SeamClient.php on line 47

Deprecated: Creation of dynamic property Seam\SeamClient::$locks is deprecated in /Users/aniketchowdhury/Work/seam/php/src/SeamClient.php on line 48
Ehttps://connect.getseam.com
Deprecated: Creation of dynamic property Seam\SeamClient::$api_key is deprecated in /Users/aniketchowdhury/Work/seam/php/src/SeamClient.php on line 31

Deprecated: Creation of dynamic property Seam\SeamClient::$client is deprecated in /Users/aniketchowdhury/Work/seam/php/src/SeamClient.php on line 32

Deprecated: Creation of dynamic property Seam\SeamClient::$action_attempts is deprecated in /Users/aniketchowdhury/Work/seam/php/src/SeamClient.php on line 42

Deprecated: Creation of dynamic property Seam\WorkspacesClient::$seam is deprecated in /Users/aniketchowdhury/Work/seam/php/src/SeamClient.php on line 177

Deprecated: Creation of dynamic property Seam\SeamClient::$access_codes is deprecated in /Users/aniketchowdhury/Work/seam/php/src/SeamClient.php on line 44

Deprecated: Creation of dynamic property Seam\SeamClient::$events is deprecated in /Users/aniketchowdhury/Work/seam/php/src/SeamClient.php on line 45

Deprecated: Creation of dynamic property Seam\SeamClient::$connect_webviews is deprecated in /Users/aniketchowdhury/Work/seam/php/src/SeamClient.php on line 46

Deprecated: Creation of dynamic property Seam\SeamClient::$connected_accounts is deprecated in /Users/aniketchowdhury/Work/seam/php/src/SeamClient.php on line 47

Deprecated: Creation of dynamic property Seam\SeamClient::$locks is deprecated in /Users/aniketchowdhury/Work/seam/php/src/SeamClient.php on line 48
Ehttps://connect.getseam.com
Deprecated: Creation of dynamic property Seam\SeamClient::$api_key is deprecated in /Users/aniketchowdhury/Work/seam/php/src/SeamClient.php on line 31

Deprecated: Creation of dynamic property Seam\SeamClient::$client is deprecated in /Users/aniketchowdhury/Work/seam/php/src/SeamClient.php on line 32

Deprecated: Creation of dynamic property Seam\SeamClient::$action_attempts is deprecated in /Users/aniketchowdhury/Work/seam/php/src/SeamClient.php on line 42

Deprecated: Creation of dynamic property Seam\WorkspacesClient::$seam is deprecated in /Users/aniketchowdhury/Work/seam/php/src/SeamClient.php on line 177

Deprecated: Creation of dynamic property Seam\SeamClient::$access_codes is deprecated in /Users/aniketchowdhury/Work/seam/php/src/SeamClient.php on line 44

Deprecated: Creation of dynamic property Seam\SeamClient::$events is deprecated in /Users/aniketchowdhury/Work/seam/php/src/SeamClient.php on line 45

Deprecated: Creation of dynamic property Seam\SeamClient::$connect_webviews is deprecated in /Users/aniketchowdhury/Work/seam/php/src/SeamClient.php on line 46

Deprecated: Creation of dynamic property Seam\SeamClient::$connected_accounts is deprecated in /Users/aniketchowdhury/Work/seam/php/src/SeamClient.php on line 47

Deprecated: Creation of dynamic property Seam\SeamClient::$locks is deprecated in /Users/aniketchowdhury/Work/seam/php/src/SeamClient.php on line 48
